
Profiling started at Wed Jan 31 02:14:30 2024
Profiling stopped at Wed Jan 31 02:14:31 2024

-- OProfile/operf Statistics --
Nr. non-backtrace samples: 7
Nr. kernel samples: 0
Nr. user space samples: 7
Nr. samples lost due to sample address not in expected range for domain: 0
Nr. lost kernel samples: 0
Nr. samples lost due to sample file open failure: 0
Nr. samples lost due to no permanent mapping: 0
Nr. user context kernel samples lost due to no app info available: 0
Nr. user samples lost due to no app info available: 0
Nr. backtraces skipped due to no file mapping: 0
Nr. hypervisor samples dropped due to address out-of-range: 0
Nr. samples lost reported by perf_events kernel: 0

Profiling started at Wed Jan 31 02:21:56 2024
Profiling stopped at Wed Jan 31 02:21:56 2024

-- OProfile/operf Statistics --
Nr. non-backtrace samples: 32
Nr. kernel samples: 0
Nr. user space samples: 32
Nr. samples lost due to sample address not in expected range for domain: 0
Nr. lost kernel samples: 0
Nr. samples lost due to sample file open failure: 0
Nr. samples lost due to no permanent mapping: 0
Nr. user context kernel samples lost due to no app info available: 0
Nr. user samples lost due to no app info available: 0
Nr. backtraces skipped due to no file mapping: 0
Nr. hypervisor samples dropped due to address out-of-range: 0
Nr. samples lost reported by perf_events kernel: 0
